2021-08-24 10:28:01  [ http-nio-8080-exec-6:0 ] - [ INFO ]  member-list.html页面发起ajax请求开始调用数据
2021-08-24 10:28:01  [ http-nio-8080-exec-6:332 ] - [ INFO ]  数据调用完成，准备返回页面！
2021-08-24 10:28:01  [ http-nio-8080-exec-8:493 ] - [ INFO ]  member-list.html页面发起ajax请求开始调用数据
2021-08-24 10:28:01  [ http-nio-8080-exec-8:505 ] - [ INFO ]  数据调用完成，准备返回页面！
2021-08-24 10:28:18  [ http-nio-8080-exec-9:17264 ] - [ INFO ]  member-list.html页面发起ajax请求开始调用数据
2021-08-24 10:28:18  [ http-nio-8080-exec-9:17270 ] - [ INFO ]  数据调用完成，准备返回页面！
2021-08-24 10:28:18  [ http-nio-8080-exec-10:17326 ] - [ INFO ]  member-list.html页面发起ajax请求开始调用数据
2021-08-24 10:28:18  [ http-nio-8080-exec-10:17333 ] - [ INFO ]  数据调用完成，准备返回页面！
2021-08-24 10:29:55  [ http-nio-8080-exec-3:0 ] - [ INFO ]  member-list.html页面发起ajax请求开始调用数据
2021-08-24 10:29:55  [ http-nio-8080-exec-3:356 ] - [ INFO ]  数据调用完成，准备返回页面！
2021-08-24 10:29:55  [ http-nio-8080-exec-4:524 ] - [ INFO ]  member-list.html页面发起ajax请求开始调用数据
2021-08-24 10:29:55  [ http-nio-8080-exec-4:535 ] - [ INFO ]  数据调用完成，准备返回页面！
2021-08-24 10:30:08  [ http-nio-8080-exec-6:13201 ] - [ INFO ]  开始删除用户，进入userDel，传入值id=null
2021-08-24 10:31:13  [ http-nio-8080-exec-3:0 ] - [ INFO ]  member-list.html页面发起ajax请求开始调用数据
2021-08-24 10:31:13  [ http-nio-8080-exec-3:310 ] - [ INFO ]  数据调用完成，准备返回页面！
2021-08-24 10:31:13  [ http-nio-8080-exec-9:480 ] - [ INFO ]  member-list.html页面发起ajax请求开始调用数据
2021-08-24 10:31:13  [ http-nio-8080-exec-9:490 ] - [ INFO ]  数据调用完成，准备返回页面！
2021-08-24 10:31:21  [ http-nio-8080-exec-10:8687 ] - [ INFO ]  开始删除用户，进入userDel，传入值id=2
2021-08-24 10:32:32  [ http-nio-8080-exec-3:0 ] - [ INFO ]  member-list.html页面发起ajax请求开始调用数据
2021-08-24 10:32:33  [ http-nio-8080-exec-3:338 ] - [ INFO ]  数据调用完成，准备返回页面！
2021-08-24 10:32:33  [ http-nio-8080-exec-4:503 ] - [ INFO ]  member-list.html页面发起ajax请求开始调用数据
2021-08-24 10:32:33  [ http-nio-8080-exec-4:513 ] - [ INFO ]  数据调用完成，准备返回页面！
2021-08-24 10:32:37  [ http-nio-8080-exec-5:4325 ] - [ INFO ]  开始删除用户，进入userDel，传入值id=3
2021-08-24 10:32:37  [ http-nio-8080-exec-5:4522 ] - [ INFO ]  用户删除成功！准备返回页面！i=1
2021-08-24 10:33:53  [ http-nio-8080-exec-2:0 ] - [ INFO ]  member-list.html页面发起ajax请求开始调用数据
2021-08-24 10:33:53  [ http-nio-8080-exec-2:414 ] - [ INFO ]  数据调用完成，准备返回页面！
2021-08-24 10:33:53  [ http-nio-8080-exec-4:595 ] - [ INFO ]  member-list.html页面发起ajax请求开始调用数据
2021-08-24 10:33:54  [ http-nio-8080-exec-4:604 ] - [ INFO ]  数据调用完成，准备返回页面！
2021-08-24 10:34:41  [ http-nio-8080-exec-3:1 ] - [ INFO ]  member-list.html页面发起ajax请求开始调用数据
2021-08-24 10:34:41  [ http-nio-8080-exec-3:320 ] - [ INFO ]  数据调用完成，准备返回页面！
2021-08-24 10:34:41  [ http-nio-8080-exec-4:474 ] - [ INFO ]  member-list.html页面发起ajax请求开始调用数据
2021-08-24 10:34:42  [ http-nio-8080-exec-4:484 ] - [ INFO ]  数据调用完成，准备返回页面！
2021-08-24 10:34:59  [ http-nio-8080-exec-6:17977 ] - [ INFO ]  跳转至member-add.html页面
2021-08-24 15:45:36  [ http-nio-8080-exec-6:0 ] - [ INFO ]  进入login.action请求
2021-08-24 15:45:36  [ http-nio-8080-exec-6:1 ] - [ INFO ]  进入loginAction方法
2021-08-24 15:45:36  [ http-nio-8080-exec-6:1 ] - [ INFO ]  打印用户名和密码：adminadmin
2021-08-24 15:45:36  [ http-nio-8080-exec-6:460 ] - [ INFO ]  loginAction方法执行完毕
2021-08-24 15:45:38  [ http-nio-8080-exec-3:1626 ] - [ INFO ]  member-list.html页面发起ajax请求开始调用数据
2021-08-24 15:45:38  [ http-nio-8080-exec-3:1639 ] - [ INFO ]  数据调用完成，准备返回页面！
2021-08-24 15:45:38  [ http-nio-8080-exec-7:1846 ] - [ INFO ]  member-list.html页面发起ajax请求开始调用数据
2021-08-24 15:45:38  [ http-nio-8080-exec-7:1856 ] - [ INFO ]  数据调用完成，准备返回页面！
2021-08-24 15:45:42  [ http-nio-8080-exec-4:6121 ] - [ INFO ]  跳转至member-add.html页面
2021-08-24 15:47:17  [ http-nio-8080-exec-3:0 ] - [ INFO ]  进入login.action请求
2021-08-24 15:47:17  [ http-nio-8080-exec-3:0 ] - [ INFO ]  进入loginAction方法
2021-08-24 15:47:17  [ http-nio-8080-exec-3:1 ] - [ INFO ]  打印用户名和密码：adminadmin
2021-08-24 15:47:18  [ http-nio-8080-exec-3:276 ] - [ INFO ]  loginAction方法执行完毕
2021-08-24 15:47:19  [ http-nio-8080-exec-8:1435 ] - [ INFO ]  member-list.html页面发起ajax请求开始调用数据
2021-08-24 15:47:19  [ http-nio-8080-exec-8:1447 ] - [ INFO ]  数据调用完成，准备返回页面！
2021-08-24 15:47:19  [ http-nio-8080-exec-10:1626 ] - [ INFO ]  member-list.html页面发起ajax请求开始调用数据
2021-08-24 15:47:19  [ http-nio-8080-exec-10:1637 ] - [ INFO ]  数据调用完成，准备返回页面！
2021-08-24 15:47:21  [ http-nio-8080-exec-7:3839 ] - [ INFO ]  跳转至member-add.html页面
2021-08-24 15:48:46  [ http-nio-8080-exec-4:0 ] - [ INFO ]  member-list.html页面发起ajax请求开始调用数据
2021-08-24 15:48:46  [ http-nio-8080-exec-4:441 ] - [ INFO ]  数据调用完成，准备返回页面！
2021-08-24 15:48:46  [ http-nio-8080-exec-5:651 ] - [ INFO ]  member-list.html页面发起ajax请求开始调用数据
2021-08-24 15:48:46  [ http-nio-8080-exec-5:664 ] - [ INFO ]  数据调用完成，准备返回页面！
2021-08-24 15:48:48  [ http-nio-8080-exec-6:2624 ] - [ INFO ]  member-list.html页面发起ajax请求开始调用数据
2021-08-24 15:48:48  [ http-nio-8080-exec-6:2630 ] - [ INFO ]  数据调用完成，准备返回页面！
2021-08-24 15:48:51  [ http-nio-8080-exec-7:5102 ] - [ INFO ]  跳转至member-add.html页面
2021-08-24 15:56:19  [ http-nio-8080-exec-4:0 ] - [ INFO ]  member-list.html页面发起ajax请求开始调用数据
2021-08-24 15:56:20  [ http-nio-8080-exec-4:330 ] - [ INFO ]  数据调用完成，准备返回页面！
2021-08-24 15:56:20  [ http-nio-8080-exec-3:497 ] - [ INFO ]  member-list.html页面发起ajax请求开始调用数据
2021-08-24 15:56:20  [ http-nio-8080-exec-3:508 ] - [ INFO ]  数据调用完成，准备返回页面！
2021-08-24 15:56:21  [ http-nio-8080-exec-5:1375 ] - [ INFO ]  跳转至member-add.html页面
2021-08-24 15:56:39  [ http-nio-8080-exec-6:19588 ] - [ INFO ]  member-list.html页面发起ajax请求开始调用数据
2021-08-24 15:56:39  [ http-nio-8080-exec-6:19596 ] - [ INFO ]  数据调用完成，准备返回页面！
